Started GET "/" for 127.0.0.1 at 2017-11-18 19:25:42 +0300
  
ActionController::RoutingError (uninitialized constant TasksController):
  
activesupport (5.1.4) lib/active_support/inflector/methods.rb:269:in `const_get'
activesupport (5.1.4) lib/active_support/inflector/methods.rb:269:in `block in constantize'
activesupport (5.1.4) lib/active_support/inflector/methods.rb:267:in `each'
activesupport (5.1.4) lib/active_support/inflector/methods.rb:267:in `inject'
activesupport (5.1.4) lib/active_support/inflector/methods.rb:267:in `constantize'
actionpack (5.1.4) lib/action_dispatch/http/request.rb:85:in `controller_class_for'
actionpack (5.1.4) lib/action_dispatch/http/request.rb:78:in `controller_class'
actionpack (5.1.4) lib/action_dispatch/routing/route_set.rb:43:in `controller'
actionpack (5.1.4) lib/action_dispatch/routing/route_set.rb:29:in `serve'
actionpack (5.1.4) lib/action_dispatch/journey/router.rb:50:in `block in serve'
actionpack (5.1.4) lib/action_dispatch/journey/router.rb:33:in `each'
actionpack (5.1.4) lib/action_dispatch/journey/router.rb:33:in `serve'
actionpack (5.1.4) lib/action_dispatch/routing/route_set.rb:834:in `call'
rack (2.0.3) lib/rack/etag.rb:25:in `call'
rack (2.0.3) lib/rack/conditional_get.rb:25:in `call'
rack (2.0.3) lib/rack/head.rb:12:in `call'
rack (2.0.3) lib/rack/session/abstract/id.rb:232:in `context'
rack (2.0.3) lib/rack/session/abstract/id.rb:226:in `call'
actionpack (5.1.4) lib/action_dispatch/middleware/cookies.rb:613:in `call'
activerecord (5.1.4) lib/active_record/migration.rb:556:in `call'
actionpack (5.1.4) lib/action_dispatch/middleware/callbacks.rb:26:in `block in call'
activesupport (5.1.4) lib/active_support/callbacks.rb:97:in `run_callbacks'
actionpack (5.1.4) lib/action_dispatch/middleware/callbacks.rb:24:in `call'
actionpack (5.1.4) lib/action_dispatch/middleware/executor.rb:12:in `call'
actionpack (5.1.4) lib/action_dispatch/middleware/debug_exceptions.rb:59:in `call'
web-console (3.5.1) lib/web_console/middleware.rb:135:in `call_app'
web-console (3.5.1) lib/web_console/middleware.rb:28:in `block in call'
web-console (3.5.1) lib/web_console/middleware.rb:18:in `catch'
web-console (3.5.1) lib/web_console/middleware.rb:18:in `call'
actionpack (5.1.4) lib/action_dispatch/middleware/show_exceptions.rb:31:in `call'
railties (5.1.4) lib/rails/rack/logger.rb:36:in `call_app'
railties (5.1.4) lib/rails/rack/logger.rb:24:in `block in call'
activesupport (5.1.4) lib/active_support/tagged_logging.rb:69:in `block in tagged'
activesupport (5.1.4) lib/active_support/tagged_logging.rb:26:in `tagged'
activesupport (5.1.4) lib/active_support/tagged_logging.rb:69:in `tagged'
railties (5.1.4) lib/rails/rack/logger.rb:24:in `call'
sprockets-rails (3.2.1) lib/sprockets/rails/quiet_assets.rb:13:in `call'
actionpack (5.1.4) lib/action_dispatch/middleware/remote_ip.rb:79:in `call'
actionpack (5.1.4) lib/action_dispatch/middleware/request_id.rb:25:in `call'
rack (2.0.3) lib/rack/method_override.rb:22:in `call'
rack (2.0.3) lib/rack/runtime.rb:22:in `call'
activesupport (5.1.4) lib/active_support/cache/strategy/local_cache_middleware.rb:27:in `call'
actionpack (5.1.4) lib/action_dispatch/middleware/executor.rb:12:in `call'
actionpack (5.1.4) lib/action_dispatch/middleware/static.rb:125:in `call'
rack (2.0.3) lib/rack/sendfile.rb:111:in `call'
railties (5.1.4) lib/rails/engine.rb:522:in `call'
puma (3.10.0) lib/puma/configuration.rb:225:in `call'
puma (3.10.0) lib/puma/server.rb:605:in `handle_request'
puma (3.10.0) lib/puma/server.rb:437:in `process_client'
puma (3.10.0) lib/puma/server.rb:301:in `block in run'
puma (3.10.0) lib/puma/thread_pool.rb:120:in `block in spawn_thread'
Started GET "/" for 127.0.0.1 at 2017-11-18 19:26:12 +0300
Processing by InputController#index as HTML
  Rendering input/index.html.erb within layouts/application
  Rendered input/index.html.erb within layouts/application (1.0ms)
Completed 500 Internal Server Error in 2266ms


  
ActionView::Template::Error (TypeError: Объект не поддерживает это свойство или метод):
    4:     <title>Lab9</title>
    5:     <%= csrf_meta_tags %>
    6: 
    7:     <%= stylesheet_link_tag    'application', media: 'all', 'data-turbolinks-track': 'reload' %>
    8:     <%= javascript_include_tag 'application', 'data-turbolinks-track': 'reload' %>
    9:   </head>
   10: 
  
app/views/layouts/application.html.erb:7:in `_app_views_layouts_application_html_erb___1366299030_46033200'
Started GET "/" for 127.0.0.1 at 2017-11-18 19:26:45 +0300
Processing by InputController#index as HTML
  Rendering input/index.html.erb within layouts/application
  Rendered input/index.html.erb within layouts/application (1.0ms)
Completed 200 OK in 43ms (Views: 31.8ms)


Started GET "/tasks/answer?utf8=%E2%9C%93&n=456&commit=result" for 127.0.0.1 at 2017-11-18 19:26:48 +0300
  
ActionController::RoutingError (No route matches [GET] "/tasks/answer"):
  
actionpack (5.1.4) lib/action_dispatch/middleware/debug_exceptions.rb:63:in `call'
web-console (3.5.1) lib/web_console/middleware.rb:135:in `call_app'
web-console (3.5.1) lib/web_console/middleware.rb:28:in `block in call'
web-console (3.5.1) lib/web_console/middleware.rb:18:in `catch'
web-console (3.5.1) lib/web_console/middleware.rb:18:in `call'
actionpack (5.1.4) lib/action_dispatch/middleware/show_exceptions.rb:31:in `call'
railties (5.1.4) lib/rails/rack/logger.rb:36:in `call_app'
railties (5.1.4) lib/rails/rack/logger.rb:24:in `block in call'
activesupport (5.1.4) lib/active_support/tagged_logging.rb:69:in `block in tagged'
activesupport (5.1.4) lib/active_support/tagged_logging.rb:26:in `tagged'
activesupport (5.1.4) lib/active_support/tagged_logging.rb:69:in `tagged'
railties (5.1.4) lib/rails/rack/logger.rb:24:in `call'
sprockets-rails (3.2.1) lib/sprockets/rails/quiet_assets.rb:13:in `call'
actionpack (5.1.4) lib/action_dispatch/middleware/remote_ip.rb:79:in `call'
actionpack (5.1.4) lib/action_dispatch/middleware/request_id.rb:25:in `call'
rack (2.0.3) lib/rack/method_override.rb:22:in `call'
rack (2.0.3) lib/rack/runtime.rb:22:in `call'
activesupport (5.1.4) lib/active_support/cache/strategy/local_cache_middleware.rb:27:in `call'
actionpack (5.1.4) lib/action_dispatch/middleware/executor.rb:12:in `call'
actionpack (5.1.4) lib/action_dispatch/middleware/static.rb:125:in `call'
rack (2.0.3) lib/rack/sendfile.rb:111:in `call'
railties (5.1.4) lib/rails/engine.rb:522:in `call'
puma (3.10.0) lib/puma/configuration.rb:225:in `call'
puma (3.10.0) lib/puma/server.rb:605:in `handle_request'
puma (3.10.0) lib/puma/server.rb:437:in `process_client'
puma (3.10.0) lib/puma/server.rb:301:in `block in run'
puma (3.10.0) lib/puma/thread_pool.rb:120:in `block in spawn_thread'
Started GET "/tasks/answer?utf8=%E2%9C%93&n=456&commit=result" for 127.0.0.1 at 2017-11-18 19:27:17 +0300
  
ActionController::RoutingError (No route matches [GET] "/tasks/answer"):
  
actionpack (5.1.4) lib/action_dispatch/middleware/debug_exceptions.rb:63:in `call'
web-console (3.5.1) lib/web_console/middleware.rb:135:in `call_app'
web-console (3.5.1) lib/web_console/middleware.rb:28:in `block in call'
web-console (3.5.1) lib/web_console/middleware.rb:18:in `catch'
web-console (3.5.1) lib/web_console/middleware.rb:18:in `call'
actionpack (5.1.4) lib/action_dispatch/middleware/show_exceptions.rb:31:in `call'
railties (5.1.4) lib/rails/rack/logger.rb:36:in `call_app'
railties (5.1.4) lib/rails/rack/logger.rb:24:in `block in call'
activesupport (5.1.4) lib/active_support/tagged_logging.rb:69:in `block in tagged'
activesupport (5.1.4) lib/active_support/tagged_logging.rb:26:in `tagged'
activesupport (5.1.4) lib/active_support/tagged_logging.rb:69:in `tagged'
railties (5.1.4) lib/rails/rack/logger.rb:24:in `call'
sprockets-rails (3.2.1) lib/sprockets/rails/quiet_assets.rb:13:in `call'
actionpack (5.1.4) lib/action_dispatch/middleware/remote_ip.rb:79:in `call'
actionpack (5.1.4) lib/action_dispatch/middleware/request_id.rb:25:in `call'
rack (2.0.3) lib/rack/method_override.rb:22:in `call'
rack (2.0.3) lib/rack/runtime.rb:22:in `call'
activesupport (5.1.4) lib/active_support/cache/strategy/local_cache_middleware.rb:27:in `call'
actionpack (5.1.4) lib/action_dispatch/middleware/executor.rb:12:in `call'
actionpack (5.1.4) lib/action_dispatch/middleware/static.rb:125:in `call'
rack (2.0.3) lib/rack/sendfile.rb:111:in `call'
railties (5.1.4) lib/rails/engine.rb:522:in `call'
puma (3.10.0) lib/puma/configuration.rb:225:in `call'
puma (3.10.0) lib/puma/server.rb:605:in `handle_request'
puma (3.10.0) lib/puma/server.rb:437:in `process_client'
puma (3.10.0) lib/puma/server.rb:301:in `block in run'
puma (3.10.0) lib/puma/thread_pool.rb:120:in `block in spawn_thread'
Started GET "/tasks/answer?utf8=%E2%9C%93&n=456&commit=result" for 127.0.0.1 at 2017-11-18 19:27:23 +0300
  
ActionController::RoutingError (No route matches [GET] "/tasks/answer"):
  
actionpack (5.1.4) lib/action_dispatch/middleware/debug_exceptions.rb:63:in `call'
web-console (3.5.1) lib/web_console/middleware.rb:135:in `call_app'
web-console (3.5.1) lib/web_console/middleware.rb:28:in `block in call'
web-console (3.5.1) lib/web_console/middleware.rb:18:in `catch'
web-console (3.5.1) lib/web_console/middleware.rb:18:in `call'
actionpack (5.1.4) lib/action_dispatch/middleware/show_exceptions.rb:31:in `call'
railties (5.1.4) lib/rails/rack/logger.rb:36:in `call_app'
railties (5.1.4) lib/rails/rack/logger.rb:24:in `block in call'
activesupport (5.1.4) lib/active_support/tagged_logging.rb:69:in `block in tagged'
activesupport (5.1.4) lib/active_support/tagged_logging.rb:26:in `tagged'
activesupport (5.1.4) lib/active_support/tagged_logging.rb:69:in `tagged'
railties (5.1.4) lib/rails/rack/logger.rb:24:in `call'
sprockets-rails (3.2.1) lib/sprockets/rails/quiet_assets.rb:13:in `call'
actionpack (5.1.4) lib/action_dispatch/middleware/remote_ip.rb:79:in `call'
actionpack (5.1.4) lib/action_dispatch/middleware/request_id.rb:25:in `call'
rack (2.0.3) lib/rack/method_override.rb:22:in `call'
rack (2.0.3) lib/rack/runtime.rb:22:in `call'
activesupport (5.1.4) lib/active_support/cache/strategy/local_cache_middleware.rb:27:in `call'
actionpack (5.1.4) lib/action_dispatch/middleware/executor.rb:12:in `call'
actionpack (5.1.4) lib/action_dispatch/middleware/static.rb:125:in `call'
rack (2.0.3) lib/rack/sendfile.rb:111:in `call'
railties (5.1.4) lib/rails/engine.rb:522:in `call'
puma (3.10.0) lib/puma/configuration.rb:225:in `call'
puma (3.10.0) lib/puma/server.rb:605:in `handle_request'
puma (3.10.0) lib/puma/server.rb:437:in `process_client'
puma (3.10.0) lib/puma/server.rb:301:in `block in run'
puma (3.10.0) lib/puma/thread_pool.rb:120:in `block in spawn_thread'
Started GET "/tasks/answer?utf8=%E2%9C%93&n=456&commit=result" for 127.0.0.1 at 2017-11-18 19:32:48 +0300
  
ActionController::RoutingError (No route matches [GET] "/tasks/answer"):
  
actionpack (5.1.4) lib/action_dispatch/middleware/debug_exceptions.rb:63:in `call'
web-console (3.5.1) lib/web_console/middleware.rb:135:in `call_app'
web-console (3.5.1) lib/web_console/middleware.rb:28:in `block in call'
web-console (3.5.1) lib/web_console/middleware.rb:18:in `catch'
web-console (3.5.1) lib/web_console/middleware.rb:18:in `call'
actionpack (5.1.4) lib/action_dispatch/middleware/show_exceptions.rb:31:in `call'
railties (5.1.4) lib/rails/rack/logger.rb:36:in `call_app'
railties (5.1.4) lib/rails/rack/logger.rb:24:in `block in call'
activesupport (5.1.4) lib/active_support/tagged_logging.rb:69:in `block in tagged'
activesupport (5.1.4) lib/active_support/tagged_logging.rb:26:in `tagged'
activesupport (5.1.4) lib/active_support/tagged_logging.rb:69:in `tagged'
railties (5.1.4) lib/rails/rack/logger.rb:24:in `call'
sprockets-rails (3.2.1) lib/sprockets/rails/quiet_assets.rb:13:in `call'
actionpack (5.1.4) lib/action_dispatch/middleware/remote_ip.rb:79:in `call'
actionpack (5.1.4) lib/action_dispatch/middleware/request_id.rb:25:in `call'
rack (2.0.3) lib/rack/method_override.rb:22:in `call'
rack (2.0.3) lib/rack/runtime.rb:22:in `call'
activesupport (5.1.4) lib/active_support/cache/strategy/local_cache_middleware.rb:27:in `call'
actionpack (5.1.4) lib/action_dispatch/middleware/executor.rb:12:in `call'
actionpack (5.1.4) lib/action_dispatch/middleware/static.rb:125:in `call'
rack (2.0.3) lib/rack/sendfile.rb:111:in `call'
railties (5.1.4) lib/rails/engine.rb:522:in `call'
puma (3.10.0) lib/puma/configuration.rb:225:in `call'
puma (3.10.0) lib/puma/server.rb:605:in `handle_request'
puma (3.10.0) lib/puma/server.rb:437:in `process_client'
puma (3.10.0) lib/puma/server.rb:301:in `block in run'
puma (3.10.0) lib/puma/thread_pool.rb:120:in `block in spawn_thread'
Started GET "/" for 127.0.0.1 at 2017-11-18 19:37:28 +0300
Processing by InputController#index as HTML
  Rendering input/index.html.erb within layouts/application
  Rendered input/index.html.erb within layouts/application (1.0ms)
Completed 200 OK in 252ms (Views: 33.1ms)


Started GET "/input/answer?utf8=%E2%9C%93&n=456&commit=result" for 127.0.0.1 at 2017-11-18 19:37:30 +0300
Processing by InputController#answer as HTML
  Parameters: {"utf8"=>"✓", "n"=>"456", "commit"=>"result"}
  Rendering input/answer.html.erb within layouts/application
  Rendered input/answer.html.erb within layouts/application (0.0ms)
Completed 200 OK in 49ms (Views: 29.1ms)


Started GET "/" for 127.0.0.1 at 2017-11-18 19:37:36 +0300
Processing by InputController#index as HTML
  Rendering input/index.html.erb within layouts/application
  Rendered input/index.html.erb within layouts/application (0.0ms)
Completed 200 OK in 59ms (Views: 42.0ms)


Started GET "/input/answer?utf8=%E2%9C%93&n=456&commit=result" for 127.0.0.1 at 2017-11-18 19:37:38 +0300
Processing by InputController#answer as HTML
  Parameters: {"utf8"=>"✓", "n"=>"456", "commit"=>"result"}
  Rendering input/answer.html.erb within layouts/application
  Rendered input/answer.html.erb within layouts/application (0.0ms)
Completed 200 OK in 49ms (Views: 29.9ms)


Started GET "/" for 127.0.0.1 at 2017-11-19 18:37:00 +0300
  
ActionController::RoutingError (undefined method `respond_to' for InputController:Class
Did you mean?  respond_to?):
  
app/controllers/input_controller.rb:17:in `<class:InputController>'
app/controllers/input_controller.rb:1:in `<top (required)>'
Started GET "/view/input.json?n=456" for 127.0.0.1 at 2017-11-19 18:39:34 +0300
  
ActionController::RoutingError (No route matches [GET] "/view/input.json"):
  
actionpack (5.1.4) lib/action_dispatch/middleware/debug_exceptions.rb:63:in `call'
web-console (3.5.1) lib/web_console/middleware.rb:135:in `call_app'
web-console (3.5.1) lib/web_console/middleware.rb:28:in `block in call'
web-console (3.5.1) lib/web_console/middleware.rb:18:in `catch'
web-console (3.5.1) lib/web_console/middleware.rb:18:in `call'
actionpack (5.1.4) lib/action_dispatch/middleware/show_exceptions.rb:31:in `call'
railties (5.1.4) lib/rails/rack/logger.rb:36:in `call_app'
railties (5.1.4) lib/rails/rack/logger.rb:24:in `block in call'
activesupport (5.1.4) lib/active_support/tagged_logging.rb:69:in `block in tagged'
activesupport (5.1.4) lib/active_support/tagged_logging.rb:26:in `tagged'
activesupport (5.1.4) lib/active_support/tagged_logging.rb:69:in `tagged'
railties (5.1.4) lib/rails/rack/logger.rb:24:in `call'
sprockets-rails (3.2.1) lib/sprockets/rails/quiet_assets.rb:13:in `call'
actionpack (5.1.4) lib/action_dispatch/middleware/remote_ip.rb:79:in `call'
actionpack (5.1.4) lib/action_dispatch/middleware/request_id.rb:25:in `call'
rack (2.0.3) lib/rack/method_override.rb:22:in `call'
rack (2.0.3) lib/rack/runtime.rb:22:in `call'
activesupport (5.1.4) lib/active_support/cache/strategy/local_cache_middleware.rb:27:in `call'
actionpack (5.1.4) lib/action_dispatch/middleware/executor.rb:12:in `call'
actionpack (5.1.4) lib/action_dispatch/middleware/static.rb:125:in `call'
rack (2.0.3) lib/rack/sendfile.rb:111:in `call'
railties (5.1.4) lib/rails/engine.rb:522:in `call'
puma (3.10.0) lib/puma/configuration.rb:225:in `call'
puma (3.10.0) lib/puma/server.rb:605:in `handle_request'
puma (3.10.0) lib/puma/server.rb:437:in `process_client'
puma (3.10.0) lib/puma/server.rb:301:in `block in run'
puma (3.10.0) lib/puma/thread_pool.rb:120:in `block in spawn_thread'
Started GET "/input/answer.json?n=456" for 127.0.0.1 at 2017-11-19 18:40:52 +0300
  
ActionController::RoutingError (undefined method `respond_to' for InputController:Class
Did you mean?  respond_to?):
  
app/controllers/input_controller.rb:17:in `<class:InputController>'
app/controllers/input_controller.rb:1:in `<top (required)>'
Started GET "/input/answer.json?n=456" for 127.0.0.1 at 2017-11-19 18:41:57 +0300
  
ArgumentError (wrong number of arguments (given 0, expected 1..2)):
  
app/controllers/input_controller.rb:17:in `respond_to?'
app/controllers/input_controller.rb:17:in `<class:InputController>'
app/controllers/input_controller.rb:1:in `<top (required)>'
Started GET "/input/answer.json?n=456" for 127.0.0.1 at 2017-11-19 18:45:17 +0300
Processing by InputController#answer as JSON
  Parameters: {"n"=>"456"}
Completed 200 OK in 755ms (Views: 0.2ms)


Started GET "/input/answer.json?n=456" for 127.0.0.1 at 2017-11-19 18:48:34 +0300
Processing by InputController#answer as JSON
  Parameters: {"n"=>"456"}
Completed 500 Internal Server Error in 12ms (Views: 0.2ms)


  
AbstractController::DoubleRenderError (Render and/or redirect were called multiple times in this action. Please note that you may only call render OR redirect, and at most once per action. Also note that neither redirect nor render terminate execution of the action, so if you want to exit an action after redirecting, you need to do something like "redirect_to(...) and return".):
  
app/controllers/input_controller.rb:21:in `block (2 levels) in answer'
app/controllers/input_controller.rb:16:in `answer'
Started GET "/input/answer.json?n=456" for 127.0.0.1 at 2017-11-19 18:48:59 +0300
Processing by InputController#answer as JSON
  Parameters: {"n"=>"456"}
Completed 200 OK in 11ms (Views: 0.5ms)


Started GET "/input/answer.json?n=456" for 127.0.0.1 at 2017-11-19 18:58:48 +0300
Processing by InputController#answer as JSON
  Parameters: {"n"=>"456"}
Completed 500 Internal Server Error in 120ms


  
NameError (undefined local variable or method `type' for #<InputController:0x00000000080bbfa0>):
  
app/controllers/input_controller.rb:20:in `block (2 levels) in answer'
app/controllers/input_controller.rb:16:in `answer'
Started GET "/input/answer.json?n=456" for 127.0.0.1 at 2017-11-19 19:00:00 +0300
Processing by InputController#answer as JSON
  Parameters: {"n"=>"456"}
Completed 200 OK in 12ms (Views: 0.6ms)


Started GET "/input/index" for 127.0.0.1 at 2017-11-19 19:02:49 +0300
Processing by InputController#index as HTML
  Rendering input/index.html.erb within layouts/application
  Rendered input/index.html.erb within layouts/application (1.0ms)
Completed 200 OK in 54ms (Views: 36.7ms)


Started GET "/input/index" for 127.0.0.1 at 2017-11-19 19:47:37 +0300
Processing by InputController#index as HTML
  Rendering input/index.html.erb within layouts/application
  Rendered input/index.html.erb within layouts/application (2.0ms)
Completed 200 OK in 52ms (Views: 36.9ms)


Started GET "/input/answer?utf8=%E2%9C%93&n=456&commit=result" for 127.0.0.1 at 2017-11-19 19:47:40 +0300
Processing by InputController#answer as HTML
  Parameters: {"utf8"=>"✓", "n"=>"456", "commit"=>"result"}
  Rendering input/answer.html.erb within layouts/application
  Rendered input/answer.html.erb within layouts/application (2.0ms)
Completed 200 OK in 69ms (Views: 38.7ms)


Started GET "/input/answer.json456" for 127.0.0.1 at 2017-11-19 21:42:14 +0300
Processing by InputController#answer as 
Completed 500 Internal Server Error in 687ms


  
TypeError (nil can't be coerced into Integer):
  
app/controllers/input_controller.rb:12:in `**'
app/controllers/input_controller.rb:12:in `block in answer'
app/controllers/input_controller.rb:11:in `loop'
app/controllers/input_controller.rb:11:in `answer'
Started GET "/input/answer.json456" for 127.0.0.1 at 2017-11-19 21:42:17 +0300
Processing by InputController#answer as 
Completed 500 Internal Server Error in 4ms


  
TypeError (nil can't be coerced into Integer):
  
app/controllers/input_controller.rb:12:in `**'
app/controllers/input_controller.rb:12:in `block in answer'
app/controllers/input_controller.rb:11:in `loop'
app/controllers/input_controller.rb:11:in `answer'
Started GET "/input/answer.json65744" for 127.0.0.1 at 2017-11-19 21:42:19 +0300
Processing by InputController#answer as 
Completed 500 Internal Server Error in 0ms


  
TypeError (nil can't be coerced into Integer):
  
app/controllers/input_controller.rb:12:in `**'
app/controllers/input_controller.rb:12:in `block in answer'
app/controllers/input_controller.rb:11:in `loop'
app/controllers/input_controller.rb:11:in `answer'
Started GET "/input/answer.json456" for 127.0.0.1 at 2017-11-19 21:42:20 +0300
Processing by InputController#answer as 
Completed 500 Internal Server Error in 0ms


  
TypeError (nil can't be coerced into Integer):
  
app/controllers/input_controller.rb:12:in `**'
app/controllers/input_controller.rb:12:in `block in answer'
app/controllers/input_controller.rb:11:in `loop'
app/controllers/input_controller.rb:11:in `answer'
Started GET "/input/answer.json456" for 127.0.0.1 at 2017-11-19 21:42:24 +0300
Processing by InputController#answer as 
Completed 500 Internal Server Error in 1ms


  
TypeError (nil can't be coerced into Integer):
  
app/controllers/input_controller.rb:12:in `**'
app/controllers/input_controller.rb:12:in `block in answer'
app/controllers/input_controller.rb:11:in `loop'
app/controllers/input_controller.rb:11:in `answer'
Started GET "/input/answer.json4655" for 127.0.0.1 at 2017-11-19 21:43:12 +0300
Processing by InputController#answer as 
Completed 500 Internal Server Error in 1ms


  
TypeError (nil can't be coerced into Integer):
  
app/controllers/input_controller.rb:12:in `**'
app/controllers/input_controller.rb:12:in `block in answer'
app/controllers/input_controller.rb:11:in `loop'
app/controllers/input_controller.rb:11:in `answer'
Started GET "/input/answer.json4655" for 127.0.0.1 at 2017-11-19 21:44:10 +0300
Processing by InputController#answer as 
Completed 500 Internal Server Error in 1ms


  
TypeError (nil can't be coerced into Integer):
  
app/controllers/input_controller.rb:12:in `**'
app/controllers/input_controller.rb:12:in `block in answer'
app/controllers/input_controller.rb:11:in `loop'
app/controllers/input_controller.rb:11:in `answer'
Started GET "/tasks/answer.json457" for 127.0.0.1 at 2017-11-19 21:44:19 +0300
  
ActionController::RoutingError (No route matches [GET] "/tasks/answer.json457"):
  
actionpack (5.1.4) lib/action_dispatch/middleware/debug_exceptions.rb:63:in `call'
web-console (3.5.1) lib/web_console/middleware.rb:135:in `call_app'
web-console (3.5.1) lib/web_console/middleware.rb:28:in `block in call'
web-console (3.5.1) lib/web_console/middleware.rb:18:in `catch'
web-console (3.5.1) lib/web_console/middleware.rb:18:in `call'
actionpack (5.1.4) lib/action_dispatch/middleware/show_exceptions.rb:31:in `call'
railties (5.1.4) lib/rails/rack/logger.rb:36:in `call_app'
railties (5.1.4) lib/rails/rack/logger.rb:24:in `block in call'
activesupport (5.1.4) lib/active_support/tagged_logging.rb:69:in `block in tagged'
activesupport (5.1.4) lib/active_support/tagged_logging.rb:26:in `tagged'
activesupport (5.1.4) lib/active_support/tagged_logging.rb:69:in `tagged'
railties (5.1.4) lib/rails/rack/logger.rb:24:in `call'
sprockets-rails (3.2.1) lib/sprockets/rails/quiet_assets.rb:13:in `call'
actionpack (5.1.4) lib/action_dispatch/middleware/remote_ip.rb:79:in `call'
actionpack (5.1.4) lib/action_dispatch/middleware/request_id.rb:25:in `call'
rack (2.0.3) lib/rack/method_override.rb:22:in `call'
rack (2.0.3) lib/rack/runtime.rb:22:in `call'
activesupport (5.1.4) lib/active_support/cache/strategy/local_cache_middleware.rb:27:in `call'
actionpack (5.1.4) lib/action_dispatch/middleware/executor.rb:12:in `call'
actionpack (5.1.4) lib/action_dispatch/middleware/static.rb:125:in `call'
rack (2.0.3) lib/rack/sendfile.rb:111:in `call'
railties (5.1.4) lib/rails/engine.rb:522:in `call'
puma (3.10.0) lib/puma/configuration.rb:225:in `call'
puma (3.10.0) lib/puma/server.rb:605:in `handle_request'
puma (3.10.0) lib/puma/server.rb:437:in `process_client'
puma (3.10.0) lib/puma/server.rb:301:in `block in run'
puma (3.10.0) lib/puma/thread_pool.rb:120:in `block in spawn_thread'
Started GET "/tasks/answer.json457" for 127.0.0.1 at 2017-11-19 21:45:41 +0300
  
ActionController::RoutingError (No route matches [GET] "/tasks/answer.json457"):
  
actionpack (5.1.4) lib/action_dispatch/middleware/debug_exceptions.rb:63:in `call'
web-console (3.5.1) lib/web_console/middleware.rb:135:in `call_app'
web-console (3.5.1) lib/web_console/middleware.rb:28:in `block in call'
web-console (3.5.1) lib/web_console/middleware.rb:18:in `catch'
web-console (3.5.1) lib/web_console/middleware.rb:18:in `call'
actionpack (5.1.4) lib/action_dispatch/middleware/show_exceptions.rb:31:in `call'
railties (5.1.4) lib/rails/rack/logger.rb:36:in `call_app'
railties (5.1.4) lib/rails/rack/logger.rb:24:in `block in call'
activesupport (5.1.4) lib/active_support/tagged_logging.rb:69:in `block in tagged'
activesupport (5.1.4) lib/active_support/tagged_logging.rb:26:in `tagged'
activesupport (5.1.4) lib/active_support/tagged_logging.rb:69:in `tagged'
railties (5.1.4) lib/rails/rack/logger.rb:24:in `call'
sprockets-rails (3.2.1) lib/sprockets/rails/quiet_assets.rb:13:in `call'
actionpack (5.1.4) lib/action_dispatch/middleware/remote_ip.rb:79:in `call'
actionpack (5.1.4) lib/action_dispatch/middleware/request_id.rb:25:in `call'
rack (2.0.3) lib/rack/method_override.rb:22:in `call'
rack (2.0.3) lib/rack/runtime.rb:22:in `call'
activesupport (5.1.4) lib/active_support/cache/strategy/local_cache_middleware.rb:27:in `call'
actionpack (5.1.4) lib/action_dispatch/middleware/executor.rb:12:in `call'
actionpack (5.1.4) lib/action_dispatch/middleware/static.rb:125:in `call'
rack (2.0.3) lib/rack/sendfile.rb:111:in `call'
railties (5.1.4) lib/rails/engine.rb:522:in `call'
puma (3.10.0) lib/puma/configuration.rb:225:in `call'
puma (3.10.0) lib/puma/server.rb:605:in `handle_request'
puma (3.10.0) lib/puma/server.rb:437:in `process_client'
puma (3.10.0) lib/puma/server.rb:301:in `block in run'
puma (3.10.0) lib/puma/thread_pool.rb:120:in `block in spawn_thread'
Started GET "/tasks/answer.json457" for 127.0.0.1 at 2017-11-19 21:46:21 +0300
  
ActionController::RoutingError (No route matches [GET] "/tasks/answer.json457"):
  
actionpack (5.1.4) lib/action_dispatch/middleware/debug_exceptions.rb:63:in `call'
web-console (3.5.1) lib/web_console/middleware.rb:135:in `call_app'
web-console (3.5.1) lib/web_console/middleware.rb:28:in `block in call'
web-console (3.5.1) lib/web_console/middleware.rb:18:in `catch'
web-console (3.5.1) lib/web_console/middleware.rb:18:in `call'
actionpack (5.1.4) lib/action_dispatch/middleware/show_exceptions.rb:31:in `call'
railties (5.1.4) lib/rails/rack/logger.rb:36:in `call_app'
railties (5.1.4) lib/rails/rack/logger.rb:24:in `block in call'
activesupport (5.1.4) lib/active_support/tagged_logging.rb:69:in `block in tagged'
activesupport (5.1.4) lib/active_support/tagged_logging.rb:26:in `tagged'
activesupport (5.1.4) lib/active_support/tagged_logging.rb:69:in `tagged'
railties (5.1.4) lib/rails/rack/logger.rb:24:in `call'
sprockets-rails (3.2.1) lib/sprockets/rails/quiet_assets.rb:13:in `call'
actionpack (5.1.4) lib/action_dispatch/middleware/remote_ip.rb:79:in `call'
actionpack (5.1.4) lib/action_dispatch/middleware/request_id.rb:25:in `call'
rack (2.0.3) lib/rack/method_override.rb:22:in `call'
rack (2.0.3) lib/rack/runtime.rb:22:in `call'
activesupport (5.1.4) lib/active_support/cache/strategy/local_cache_middleware.rb:27:in `call'
actionpack (5.1.4) lib/action_dispatch/middleware/executor.rb:12:in `call'
actionpack (5.1.4) lib/action_dispatch/middleware/static.rb:125:in `call'
rack (2.0.3) lib/rack/sendfile.rb:111:in `call'
railties (5.1.4) lib/rails/engine.rb:522:in `call'
puma (3.10.0) lib/puma/configuration.rb:225:in `call'
puma (3.10.0) lib/puma/server.rb:605:in `handle_request'
puma (3.10.0) lib/puma/server.rb:437:in `process_client'
puma (3.10.0) lib/puma/server.rb:301:in `block in run'
puma (3.10.0) lib/puma/thread_pool.rb:120:in `block in spawn_thread'
Started GET "/input/answer.json456456" for 127.0.0.1 at 2017-11-19 21:46:31 +0300
Processing by InputController#answer as 
Completed 500 Internal Server Error in 1ms


  
TypeError (nil can't be coerced into Integer):
  
app/controllers/input_controller.rb:12:in `**'
app/controllers/input_controller.rb:12:in `block in answer'
app/controllers/input_controller.rb:11:in `loop'
app/controllers/input_controller.rb:11:in `answer'
Started GET "/input/answer.json456456" for 127.0.0.1 at 2017-11-19 21:46:38 +0300
Processing by InputController#answer as 
Completed 500 Internal Server Error in 0ms


  
TypeError (nil can't be coerced into Integer):
  
app/controllers/input_controller.rb:12:in `**'
app/controllers/input_controller.rb:12:in `block in answer'
app/controllers/input_controller.rb:11:in `loop'
app/controllers/input_controller.rb:11:in `answer'
Started GET "/calc/view.json?v1=123&v2=234&op=*" for 127.0.0.1 at 2017-11-19 21:47:55 +0300
  
ActionController::RoutingError (No route matches [GET] "/calc/view.json"):
  
actionpack (5.1.4) lib/action_dispatch/middleware/debug_exceptions.rb:63:in `call'
web-console (3.5.1) lib/web_console/middleware.rb:135:in `call_app'
web-console (3.5.1) lib/web_console/middleware.rb:28:in `block in call'
web-console (3.5.1) lib/web_console/middleware.rb:18:in `catch'
web-console (3.5.1) lib/web_console/middleware.rb:18:in `call'
actionpack (5.1.4) lib/action_dispatch/middleware/show_exceptions.rb:31:in `call'
railties (5.1.4) lib/rails/rack/logger.rb:36:in `call_app'
railties (5.1.4) lib/rails/rack/logger.rb:24:in `block in call'
activesupport (5.1.4) lib/active_support/tagged_logging.rb:69:in `block in tagged'
activesupport (5.1.4) lib/active_support/tagged_logging.rb:26:in `tagged'
activesupport (5.1.4) lib/active_support/tagged_logging.rb:69:in `tagged'
railties (5.1.4) lib/rails/rack/logger.rb:24:in `call'
sprockets-rails (3.2.1) lib/sprockets/rails/quiet_assets.rb:13:in `call'
actionpack (5.1.4) lib/action_dispatch/middleware/remote_ip.rb:79:in `call'
actionpack (5.1.4) lib/action_dispatch/middleware/request_id.rb:25:in `call'
rack (2.0.3) lib/rack/method_override.rb:22:in `call'
rack (2.0.3) lib/rack/runtime.rb:22:in `call'
activesupport (5.1.4) lib/active_support/cache/strategy/local_cache_middleware.rb:27:in `call'
actionpack (5.1.4) lib/action_dispatch/middleware/executor.rb:12:in `call'
actionpack (5.1.4) lib/action_dispatch/middleware/static.rb:125:in `call'
rack (2.0.3) lib/rack/sendfile.rb:111:in `call'
railties (5.1.4) lib/rails/engine.rb:522:in `call'
puma (3.10.0) lib/puma/configuration.rb:225:in `call'
puma (3.10.0) lib/puma/server.rb:605:in `handle_request'
puma (3.10.0) lib/puma/server.rb:437:in `process_client'
puma (3.10.0) lib/puma/server.rb:301:in `block in run'
puma (3.10.0) lib/puma/thread_pool.rb:120:in `block in spawn_thread'
Started GET "/input/answer.json?n456" for 127.0.0.1 at 2017-11-19 21:48:17 +0300
Processing by InputController#answer as JSON
  Parameters: {"n456"=>nil}
Completed 500 Internal Server Error in 0ms


  
TypeError (nil can't be coerced into Integer):
  
app/controllers/input_controller.rb:12:in `**'
app/controllers/input_controller.rb:12:in `block in answer'
app/controllers/input_controller.rb:11:in `loop'
app/controllers/input_controller.rb:11:in `answer'
Started GET "/input/answer.json?n456" for 127.0.0.1 at 2017-11-19 21:48:36 +0300
Processing by InputController#answer as JSON
  Parameters: {"n456"=>nil}
Completed 500 Internal Server Error in 0ms


  
TypeError (nil can't be coerced into Integer):
  
app/controllers/input_controller.rb:12:in `**'
app/controllers/input_controller.rb:12:in `block in answer'
app/controllers/input_controller.rb:11:in `loop'
app/controllers/input_controller.rb:11:in `answer'
Started GET "/input/answer.json?n=457" for 127.0.0.1 at 2017-11-19 21:48:42 +0300
Processing by InputController#answer as JSON
  Parameters: {"n"=>"457"}
Completed 200 OK in 11ms (Views: 0.2ms)


Started GET "/input/answer.json?n=457" for 127.0.0.1 at 2017-11-19 21:50:14 +0300
Processing by InputController#answer as JSON
  Parameters: {"n"=>"457"}
Completed 200 OK in 10ms (Views: 0.1ms)


Started GET "/input/answer.json?n=4567" for 127.0.0.1 at 2017-11-19 21:50:20 +0300
Processing by InputController#answer as JSON
  Parameters: {"n"=>"4567"}
Completed 200 OK in 965ms (Views: 0.1ms)


Started GET "/input/answer.json?n=4567" for 127.0.0.1 at 2017-11-19 21:52:22 +0300
Processing by InputController#answer as JSON
  Parameters: {"n"=>"4567"}
Completed 200 OK in 939ms (Views: 0.2ms)


Started GET "/input/answer.json?n=456" for 127.0.0.1 at 2017-11-19 21:52:26 +0300
Processing by InputController#answer as JSON
  Parameters: {"n"=>"456"}
Completed 200 OK in 11ms (Views: 0.2ms)


Started GET "/input/answer.json?n=456" for 127.0.0.1 at 2017-11-19 21:53:01 +0300
Processing by InputController#answer as JSON
  Parameters: {"n"=>"456"}
Completed 200 OK in 11ms (Views: 0.2ms)


Started GET "/input/favicon.ico" for 127.0.0.1 at 2017-11-19 21:53:53 +0300
  
ActionController::RoutingError (No route matches [GET] "/input/favicon.ico"):
  
actionpack (5.1.4) lib/action_dispatch/middleware/debug_exceptions.rb:63:in `call'
web-console (3.5.1) lib/web_console/middleware.rb:135:in `call_app'
web-console (3.5.1) lib/web_console/middleware.rb:28:in `block in call'
web-console (3.5.1) lib/web_console/middleware.rb:18:in `catch'
web-console (3.5.1) lib/web_console/middleware.rb:18:in `call'
actionpack (5.1.4) lib/action_dispatch/middleware/show_exceptions.rb:31:in `call'
railties (5.1.4) lib/rails/rack/logger.rb:36:in `call_app'
railties (5.1.4) lib/rails/rack/logger.rb:24:in `block in call'
activesupport (5.1.4) lib/active_support/tagged_logging.rb:69:in `block in tagged'
activesupport (5.1.4) lib/active_support/tagged_logging.rb:26:in `tagged'
activesupport (5.1.4) lib/active_support/tagged_logging.rb:69:in `tagged'
railties (5.1.4) lib/rails/rack/logger.rb:24:in `call'
sprockets-rails (3.2.1) lib/sprockets/rails/quiet_assets.rb:13:in `call'
actionpack (5.1.4) lib/action_dispatch/middleware/remote_ip.rb:79:in `call'
actionpack (5.1.4) lib/action_dispatch/middleware/request_id.rb:25:in `call'
rack (2.0.3) lib/rack/method_override.rb:22:in `call'
rack (2.0.3) lib/rack/runtime.rb:22:in `call'
activesupport (5.1.4) lib/active_support/cache/strategy/local_cache_middleware.rb:27:in `call'
actionpack (5.1.4) lib/action_dispatch/middleware/executor.rb:12:in `call'
actionpack (5.1.4) lib/action_dispatch/middleware/static.rb:125:in `call'
rack (2.0.3) lib/rack/sendfile.rb:111:in `call'
railties (5.1.4) lib/rails/engine.rb:522:in `call'
puma (3.10.0) lib/puma/configuration.rb:225:in `call'
puma (3.10.0) lib/puma/server.rb:605:in `handle_request'
puma (3.10.0) lib/puma/server.rb:437:in `process_client'
puma (3.10.0) lib/puma/server.rb:301:in `block in run'
puma (3.10.0) lib/puma/thread_pool.rb:120:in `block in spawn_thread'
Started GET "/input/answer.json?n=456" for 127.0.0.1 at 2017-11-19 22:07:55 +0300
Processing by InputController#answer as JSON
  Parameters: {"n"=>"456"}
Completed 200 OK in 11ms (Views: 0.3ms)


Started GET "/input/answer.json?n=4567" for 127.0.0.1 at 2017-11-19 22:08:57 +0300
Processing by InputController#answer as JSON
  Parameters: {"n"=>"4567"}
Completed 200 OK in 893ms (Views: 0.2ms)


Started GET "/input/answer.json?n=456" for 127.0.0.1 at 2017-11-19 22:09:47 +0300
Processing by InputController#answer as JSON
  Parameters: {"n"=>"456"}
Completed 200 OK in 10ms (Views: 0.2ms)


Started GET "/input/answer.json?n=456" for 127.0.0.1 at 2017-11-19 22:10:08 +0300
Processing by InputController#answer as JSON
  Parameters: {"n"=>"456"}
Completed 200 OK in 12ms (Views: 0.2ms)


Started GET "/input/answer.json?n=456" for 127.0.0.1 at 2017-11-19 22:11:16 +0300
Processing by InputController#answer as JSON
  Parameters: {"n"=>"456"}
Completed 200 OK in 11ms (Views: 0.2ms)


Started GET "/input/favicon.ico" for 127.0.0.1 at 2017-11-19 22:12:32 +0300
  
ActionController::RoutingError (No route matches [GET] "/input/favicon.ico"):
  
actionpack (5.1.4) lib/action_dispatch/middleware/debug_exceptions.rb:63:in `call'
web-console (3.5.1) lib/web_console/middleware.rb:135:in `call_app'
web-console (3.5.1) lib/web_console/middleware.rb:28:in `block in call'
web-console (3.5.1) lib/web_console/middleware.rb:18:in `catch'
web-console (3.5.1) lib/web_console/middleware.rb:18:in `call'
actionpack (5.1.4) lib/action_dispatch/middleware/show_exceptions.rb:31:in `call'
railties (5.1.4) lib/rails/rack/logger.rb:36:in `call_app'
railties (5.1.4) lib/rails/rack/logger.rb:24:in `block in call'
activesupport (5.1.4) lib/active_support/tagged_logging.rb:69:in `block in tagged'
activesupport (5.1.4) lib/active_support/tagged_logging.rb:26:in `tagged'
activesupport (5.1.4) lib/active_support/tagged_logging.rb:69:in `tagged'
railties (5.1.4) lib/rails/rack/logger.rb:24:in `call'
sprockets-rails (3.2.1) lib/sprockets/rails/quiet_assets.rb:13:in `call'
actionpack (5.1.4) lib/action_dispatch/middleware/remote_ip.rb:79:in `call'
actionpack (5.1.4) lib/action_dispatch/middleware/request_id.rb:25:in `call'
rack (2.0.3) lib/rack/method_override.rb:22:in `call'
rack (2.0.3) lib/rack/runtime.rb:22:in `call'
activesupport (5.1.4) lib/active_support/cache/strategy/local_cache_middleware.rb:27:in `call'
actionpack (5.1.4) lib/action_dispatch/middleware/executor.rb:12:in `call'
actionpack (5.1.4) lib/action_dispatch/middleware/static.rb:125:in `call'
rack (2.0.3) lib/rack/sendfile.rb:111:in `call'
railties (5.1.4) lib/rails/engine.rb:522:in `call'
puma (3.10.0) lib/puma/configuration.rb:225:in `call'
puma (3.10.0) lib/puma/server.rb:605:in `handle_request'
puma (3.10.0) lib/puma/server.rb:437:in `process_client'
puma (3.10.0) lib/puma/server.rb:301:in `block in run'
puma (3.10.0) lib/puma/thread_pool.rb:120:in `block in spawn_thread'
Started GET "/input/answer.json?n=456" for 127.0.0.1 at 2017-11-19 22:20:06 +0300
Processing by InputController#answer as JSON
  Parameters: {"n"=>"456"}
Completed 200 OK in 10ms (Views: 0.2ms)


Started GET "/input/favicon.ico" for 127.0.0.1 at 2017-11-19 22:40:49 +0300
  
ActionController::RoutingError (No route matches [GET] "/input/favicon.ico"):
  
actionpack (5.1.4) lib/action_dispatch/middleware/debug_exceptions.rb:63:in `call'
web-console (3.5.1) lib/web_console/middleware.rb:135:in `call_app'
web-console (3.5.1) lib/web_console/middleware.rb:28:in `block in call'
web-console (3.5.1) lib/web_console/middleware.rb:18:in `catch'
web-console (3.5.1) lib/web_console/middleware.rb:18:in `call'
actionpack (5.1.4) lib/action_dispatch/middleware/show_exceptions.rb:31:in `call'
railties (5.1.4) lib/rails/rack/logger.rb:36:in `call_app'
railties (5.1.4) lib/rails/rack/logger.rb:24:in `block in call'
activesupport (5.1.4) lib/active_support/tagged_logging.rb:69:in `block in tagged'
activesupport (5.1.4) lib/active_support/tagged_logging.rb:26:in `tagged'
activesupport (5.1.4) lib/active_support/tagged_logging.rb:69:in `tagged'
railties (5.1.4) lib/rails/rack/logger.rb:24:in `call'
sprockets-rails (3.2.1) lib/sprockets/rails/quiet_assets.rb:13:in `call'
actionpack (5.1.4) lib/action_dispatch/middleware/remote_ip.rb:79:in `call'
actionpack (5.1.4) lib/action_dispatch/middleware/request_id.rb:25:in `call'
rack (2.0.3) lib/rack/method_override.rb:22:in `call'
rack (2.0.3) lib/rack/runtime.rb:22:in `call'
activesupport (5.1.4) lib/active_support/cache/strategy/local_cache_middleware.rb:27:in `call'
actionpack (5.1.4) lib/action_dispatch/middleware/executor.rb:12:in `call'
actionpack (5.1.4) lib/action_dispatch/middleware/static.rb:125:in `call'
rack (2.0.3) lib/rack/sendfile.rb:111:in `call'
railties (5.1.4) lib/rails/engine.rb:522:in `call'
puma (3.10.0) lib/puma/configuration.rb:225:in `call'
puma (3.10.0) lib/puma/server.rb:605:in `handle_request'
puma (3.10.0) lib/puma/server.rb:437:in `process_client'
puma (3.10.0) lib/puma/server.rb:301:in `block in run'
puma (3.10.0) lib/puma/thread_pool.rb:120:in `block in spawn_thread'
Started GET "/input/favicon.ico" for 127.0.0.1 at 2017-11-19 22:59:29 +0300
  
ActionController::RoutingError (No route matches [GET] "/input/favicon.ico"):
  
actionpack (5.1.4) lib/action_dispatch/middleware/debug_exceptions.rb:63:in `call'
web-console (3.5.1) lib/web_console/middleware.rb:135:in `call_app'
web-console (3.5.1) lib/web_console/middleware.rb:28:in `block in call'
web-console (3.5.1) lib/web_console/middleware.rb:18:in `catch'
web-console (3.5.1) lib/web_console/middleware.rb:18:in `call'
actionpack (5.1.4) lib/action_dispatch/middleware/show_exceptions.rb:31:in `call'
railties (5.1.4) lib/rails/rack/logger.rb:36:in `call_app'
railties (5.1.4) lib/rails/rack/logger.rb:24:in `block in call'
activesupport (5.1.4) lib/active_support/tagged_logging.rb:69:in `block in tagged'
activesupport (5.1.4) lib/active_support/tagged_logging.rb:26:in `tagged'
activesupport (5.1.4) lib/active_support/tagged_logging.rb:69:in `tagged'
railties (5.1.4) lib/rails/rack/logger.rb:24:in `call'
sprockets-rails (3.2.1) lib/sprockets/rails/quiet_assets.rb:13:in `call'
actionpack (5.1.4) lib/action_dispatch/middleware/remote_ip.rb:79:in `call'
actionpack (5.1.4) lib/action_dispatch/middleware/request_id.rb:25:in `call'
rack (2.0.3) lib/rack/method_override.rb:22:in `call'
rack (2.0.3) lib/rack/runtime.rb:22:in `call'
activesupport (5.1.4) lib/active_support/cache/strategy/local_cache_middleware.rb:27:in `call'
actionpack (5.1.4) lib/action_dispatch/middleware/executor.rb:12:in `call'
actionpack (5.1.4) lib/action_dispatch/middleware/static.rb:125:in `call'
rack (2.0.3) lib/rack/sendfile.rb:111:in `call'
railties (5.1.4) lib/rails/engine.rb:522:in `call'
puma (3.10.0) lib/puma/configuration.rb:225:in `call'
puma (3.10.0) lib/puma/server.rb:605:in `handle_request'
puma (3.10.0) lib/puma/server.rb:437:in `process_client'
puma (3.10.0) lib/puma/server.rb:301:in `block in run'
puma (3.10.0) lib/puma/thread_pool.rb:120:in `block in spawn_thread'
Started GET "/input/answer" for 127.0.0.1 at 2017-12-05 22:37:35 +0300
Processing by InputController#answer as HTML
Completed 500 Internal Server Error in 1523ms


  
TypeError (nil can't be coerced into Integer):
  
app/controllers/input_controller.rb:12:in `**'
app/controllers/input_controller.rb:12:in `block in answer'
app/controllers/input_controller.rb:11:in `loop'
app/controllers/input_controller.rb:11:in `answer'
Started GET "/input/answer" for 127.0.0.1 at 2017-12-05 22:38:54 +0300
Processing by InputController#answer as HTML
Completed 500 Internal Server Error in 1ms


  
TypeError (nil can't be coerced into Integer):
  
app/controllers/input_controller.rb:12:in `**'
app/controllers/input_controller.rb:12:in `block in answer'
app/controllers/input_controller.rb:11:in `loop'
app/controllers/input_controller.rb:11:in `answer'
Started GET "/input/answer" for 127.0.0.1 at 2017-12-05 22:40:47 +0300
Processing by InputController#answer as HTML
Completed 500 Internal Server Error in 1ms


  
TypeError (nil can't be coerced into Integer):
  
app/controllers/input_controller.rb:12:in `**'
app/controllers/input_controller.rb:12:in `block in answer'
app/controllers/input_controller.rb:11:in `loop'
app/controllers/input_controller.rb:11:in `answer'
Started GET "/input/answer" for 127.0.0.1 at 2017-12-05 22:43:26 +0300
Processing by InputController#answer as HTML
  Rendering input/answer.html.erb within layouts/application
  Rendered input/answer.html.erb within layouts/application (1.0ms)
Completed 200 OK in 83ms (Views: 64.5ms)


Started GET "/input/answer.json?n=123" for 127.0.0.1 at 2017-12-05 22:43:32 +0300
Processing by InputController#answer as JSON
  Parameters: {"n"=>"123"}
Completed 200 OK in 0ms (Views: 0.2ms)


Started GET "/input/answer.json?n=1423" for 127.0.0.1 at 2017-12-05 22:43:36 +0300
Processing by InputController#answer as JSON
  Parameters: {"n"=>"1423"}
Completed 200 OK in 1ms (Views: 0.2ms)


Started GET "/input/answer.json?n=1423" for 127.0.0.1 at 2017-12-05 22:43:37 +0300
Processing by InputController#answer as JSON
  Parameters: {"n"=>"1423"}
Completed 200 OK in 1ms (Views: 0.1ms)


Started GET "/input/answer.json?n=543" for 127.0.0.1 at 2017-12-05 22:43:40 +0300
Processing by InputController#answer as JSON
  Parameters: {"n"=>"543"}
Completed 200 OK in 1ms (Views: 0.2ms)


Started GET "/input/answer.json?n=543" for 127.0.0.1 at 2017-12-05 22:43:40 +0300
Processing by InputController#answer as JSON
  Parameters: {"n"=>"543"}
Completed 200 OK in 1ms (Views: 0.1ms)


Started GET "/input/answer.json?n=543" for 127.0.0.1 at 2017-12-05 22:43:41 +0300
Processing by InputController#answer as JSON
  Parameters: {"n"=>"543"}
Completed 200 OK in 1ms (Views: 0.1ms)


Started GET "/input/answer.json?n=543" for 127.0.0.1 at 2017-12-05 22:43:41 +0300
Processing by InputController#answer as JSON
  Parameters: {"n"=>"543"}
Completed 200 OK in 1ms (Views: 0.1ms)


Started GET "/input/answer.json?n=1" for 127.0.0.1 at 2017-12-05 22:43:42 +0300
Processing by InputController#answer as JSON
  Parameters: {"n"=>"1"}
Completed 200 OK in 1ms (Views: 0.2ms)


Started GET "/input/answer.json?n=2" for 127.0.0.1 at 2017-12-05 22:43:44 +0300
Processing by InputController#answer as JSON
  Parameters: {"n"=>"2"}
Completed 200 OK in 1ms (Views: 0.1ms)


Started GET "/input/answer.json?n=3" for 127.0.0.1 at 2017-12-05 22:43:46 +0300
Processing by InputController#answer as JSON
  Parameters: {"n"=>"3"}
Completed 200 OK in 2ms (Views: 0.1ms)


Started GET "/input/answer.json?n=3" for 127.0.0.1 at 2017-12-05 22:44:07 +0300
Processing by InputController#answer as JSON
  Parameters: {"n"=>"3"}
Completed 200 OK in 2ms (Views: 0.2ms)


Started GET "/input/answer.json?n=1" for 127.0.0.1 at 2017-12-05 22:44:09 +0300
Processing by InputController#answer as JSON
  Parameters: {"n"=>"1"}
Completed 200 OK in 1ms (Views: 0.2ms)


Started GET "/input/answer.json?n=1" for 127.0.0.1 at 2017-12-05 22:45:29 +0300
Processing by InputController#answer as JSON
  Parameters: {"n"=>"1"}
Completed 200 OK in 1ms (Views: 0.2ms)


Started GET "/input/answer.json?n=3" for 127.0.0.1 at 2017-12-05 22:45:31 +0300
Processing by InputController#answer as JSON
  Parameters: {"n"=>"3"}
Completed 200 OK in 2ms (Views: 0.1ms)


Started GET "/input/answer.json?n=4" for 127.0.0.1 at 2017-12-05 22:45:34 +0300
Processing by InputController#answer as JSON
  Parameters: {"n"=>"4"}
Completed 200 OK in 16ms (Views: 0.2ms)


Started GET "/input/answer.json?n=5" for 127.0.0.1 at 2017-12-05 22:45:36 +0300
Processing by InputController#answer as JSON
  Parameters: {"n"=>"5"}
Completed 200 OK in 161ms (Views: 0.2ms)


Started GET "/input/answer.json?n=1" for 127.0.0.1 at 2017-12-05 22:45:38 +0300
Processing by InputController#answer as JSON
  Parameters: {"n"=>"1"}
Completed 200 OK in 1ms (Views: 0.1ms)


Started GET "/input/answer.json?n=2" for 127.0.0.1 at 2017-12-05 22:45:40 +0300
Processing by InputController#answer as JSON
  Parameters: {"n"=>"2"}
Completed 200 OK in 1ms (Views: 0.1ms)


Started GET "/input/answer.json?n=3" for 127.0.0.1 at 2017-12-05 22:45:42 +0300
Processing by InputController#answer as JSON
  Parameters: {"n"=>"3"}
Completed 200 OK in 2ms (Views: 0.1ms)


Started GET "/input/answer.json?n=4" for 127.0.0.1 at 2017-12-05 22:46:30 +0300
Processing by InputController#answer as JSON
  Parameters: {"n"=>"4"}
Completed 200 OK in 15ms (Views: 0.2ms)


Started GET "/input/answer.json?n=3" for 127.0.0.1 at 2017-12-05 22:46:34 +0300
Processing by InputController#answer as JSON
  Parameters: {"n"=>"3"}
Completed 200 OK in 2ms (Views: 0.1ms)


Started GET "/input/answer" for 127.0.0.1 at 2017-12-05 22:47:37 +0300
Processing by InputController#answer as HTML
  Rendering input/answer.html.erb within layouts/application
  Rendered input/answer.html.erb within layouts/application (30.0ms)
Completed 500 Internal Server Error in 109ms


  
ActionView::Template::Error (undefined method `each_with_index' for nil:NilClass):
    3:     <th>Номер числа</th>
    4:     <th>Число Армстронга</th>
    5:   </tr>
    6:   <% @result.each_with_index do |x, index|%>
    7:       <tr>
    8:         <th><%= index + 1 %></th>
    9:         <th><%= x %></th>
  
app/views/input/answer.html.erb:6:in `_app_views_input_answer_html_erb__775367448_65430980'
Started GET "/input/answer" for 127.0.0.1 at 2017-12-05 22:48:24 +0300
Processing by InputController#answer as HTML
  Rendering input/answer.html.erb within layouts/application
  Rendered input/answer.html.erb within layouts/application (21.0ms)
Completed 500 Internal Server Error in 121ms


  
ActionView::Template::Error (undefined method `each_with_index' for nil:NilClass):
     6:         <th>Номер числа</th>
     7:         <th>Число Армстронга</th>
     8:       </tr>
     9:       <% @result.each_with_index do |x, index|%>
    10:           <tr>
    11:             <th><%= index + 1 %></th>
    12:             <th><%= x %></th>
  
app/views/input/answer.html.erb:9:in `_app_views_input_answer_html_erb__775367448_67296200'
Started GET "/input/answer" for 127.0.0.1 at 2017-12-05 22:49:41 +0300
Processing by InputController#answer as HTML
  Rendering input/answer.html.erb within layouts/application
  Rendered input/answer.html.erb within layouts/application (1.0ms)
Completed 200 OK in 88ms (Views: 59.7ms)


Started GET "/input/answer.json?n=3" for 127.0.0.1 at 2017-12-05 22:49:45 +0300
Processing by InputController#answer as JSON
  Parameters: {"n"=>"3"}
Completed 200 OK in 2ms (Views: 0.2ms)


Started GET "/input/answer" for 127.0.0.1 at 2017-12-05 23:05:05 +0300
Processing by InputController#answer as HTML
  Rendering input/answer.html.erb within layouts/application
  Rendered input/answer.html.erb within layouts/application (1.5ms)
Completed 200 OK in 108ms (Views: 66.5ms)


Started GET "/input/answer.json?n=3" for 127.0.0.1 at 2017-12-05 23:05:09 +0300
Processing by InputController#answer as JSON
  Parameters: {"n"=>"3"}
Completed 200 OK in 2ms (Views: 0.2ms)


Started GET "/input/answer.json?n=5" for 127.0.0.1 at 2017-12-05 23:05:14 +0300
Processing by InputController#answer as JSON
  Parameters: {"n"=>"5"}
Completed 200 OK in 163ms (Views: 0.1ms)


Started GET "/input/answer.json?n=3" for 127.0.0.1 at 2017-12-05 23:08:04 +0300
Processing by InputController#answer as JSON
  Parameters: {"n"=>"3"}
Completed 200 OK in 2ms (Views: 0.2ms)


Started GET "/input/answer.json?n=4" for 127.0.0.1 at 2017-12-05 23:08:06 +0300
Processing by InputController#answer as JSON
  Parameters: {"n"=>"4"}
Completed 200 OK in 14ms (Views: 0.2ms)


Started GET "/input/index" for 127.0.0.1 at 2017-12-05 23:08:31 +0300
Processing by InputController#index as HTML
  Rendering input/index.html.erb
  Rendered input/index.html.erb (0.5ms)
Completed 200 OK in 23ms (Views: 22.3ms)


Started GET "/input/answer?utf8=%E2%9C%93&n=3&commit=result" for 127.0.0.1 at 2017-12-05 23:08:36 +0300
Processing by InputController#answer as HTML
  Parameters: {"utf8"=>"✓", "n"=>"3", "commit"=>"result"}
  Rendering input/answer.html.erb within layouts/application
  Rendered input/answer.html.erb within layouts/application (0.5ms)
Completed 200 OK in 73ms (Views: 52.5ms)


Started GET "/input/answer.json?n=2" for 127.0.0.1 at 2017-12-05 23:08:39 +0300
Processing by InputController#answer as JSON
  Parameters: {"n"=>"2"}
Completed 200 OK in 0ms (Views: 0.1ms)


Started GET "/input/answer.json?n=3" for 127.0.0.1 at 2017-12-05 23:08:41 +0300
Processing by InputController#answer as JSON
  Parameters: {"n"=>"3"}
Completed 200 OK in 2ms (Views: 0.2ms)


Started GET "/input/answer.json?n=4" for 127.0.0.1 at 2017-12-05 23:08:43 +0300
Processing by InputController#answer as JSON
  Parameters: {"n"=>"4"}
Completed 200 OK in 14ms (Views: 0.2ms)


Started GET "/input/index" for 127.0.0.1 at 2017-12-05 23:08:53 +0300
Processing by InputController#index as HTML
  Rendering input/index.html.erb
  Rendered input/index.html.erb (0.5ms)
Completed 200 OK in 36ms (Views: 34.9ms)


Started GET "/input/answer?utf8=%E2%9C%93&n=4&commit=result" for 127.0.0.1 at 2017-12-05 23:08:55 +0300
Processing by InputController#answer as HTML
  Parameters: {"utf8"=>"✓", "n"=>"4", "commit"=>"result"}
  Rendering input/answer.html.erb within layouts/application
  Rendered input/answer.html.erb within layouts/application (0.5ms)
Completed 200 OK in 87ms (Views: 52.9ms)


Started GET "/input/answer.json?n=3" for 127.0.0.1 at 2017-12-05 23:08:58 +0300
Processing by InputController#answer as JSON
  Parameters: {"n"=>"3"}
Completed 200 OK in 2ms (Views: 0.2ms)


Started GET "/input/answer.json?n=2" for 127.0.0.1 at 2017-12-05 23:09:00 +0300
Processing by InputController#answer as JSON
  Parameters: {"n"=>"2"}
Completed 200 OK in 1ms (Views: 0.1ms)


Started GET "/input/answer.json?n=4" for 127.0.0.1 at 2017-12-05 23:09:02 +0300
Processing by InputController#answer as JSON
  Parameters: {"n"=>"4"}
Completed 200 OK in 14ms (Views: 0.2ms)


Started GET "/input/answer" for 127.0.0.1 at 2017-12-05 23:09:14 +0300
Processing by InputController#answer as HTML
  Rendering input/answer.html.erb within layouts/application
  Rendered input/answer.html.erb within layouts/application (1.0ms)
Completed 200 OK in 107ms (Views: 70.4ms)


Started GET "/input/answer.json?n=3" for 127.0.0.1 at 2017-12-05 23:09:17 +0300
Processing by InputController#answer as JSON
  Parameters: {"n"=>"3"}
Completed 200 OK in 2ms (Views: 0.1ms)


Started GET "/input/answer.json?n=2" for 127.0.0.1 at 2017-12-05 23:09:18 +0300
Processing by InputController#answer as JSON
  Parameters: {"n"=>"2"}
Completed 200 OK in 1ms (Views: 0.1ms)


Started GET "/input/answer.json?n=4" for 127.0.0.1 at 2017-12-05 23:09:20 +0300
Processing by InputController#answer as JSON
  Parameters: {"n"=>"4"}
Completed 200 OK in 16ms (Views: 0.1ms)


Started GET "/input/answer" for 127.0.0.1 at 2017-12-05 23:09:39 +0300
Processing by InputController#answer as HTML
  Rendering input/answer.html.erb within layouts/application
  Rendered input/answer.html.erb within layouts/application (2.5ms)
Completed 200 OK in 98ms (Views: 70.8ms)


Started GET "/input/answer.json?n=3" for 127.0.0.1 at 2017-12-05 23:09:43 +0300
Processing by InputController#answer as JSON
  Parameters: {"n"=>"3"}
Completed 200 OK in 2ms (Views: 0.1ms)


Started GET "/input/answer.json?n=4" for 127.0.0.1 at 2017-12-05 23:09:44 +0300
Processing by InputController#answer as JSON
  Parameters: {"n"=>"4"}
Completed 200 OK in 14ms (Views: 0.2ms)


Started GET "/input/answer.json?n=3" for 127.0.0.1 at 2017-12-05 23:11:38 +0300
Processing by InputController#answer as JSON
  Parameters: {"n"=>"3"}
Completed 200 OK in 2ms (Views: 0.2ms)


Started GET "/input/answer" for 127.0.0.1 at 2017-12-05 23:12:09 +0300
Processing by InputController#answer as HTML
  Rendering input/answer.html.erb within layouts/application
  Rendered input/answer.html.erb within layouts/application (1.5ms)
Completed 200 OK in 86ms (Views: 64.4ms)


Started GET "/input/answer.json?n=3" for 127.0.0.1 at 2017-12-05 23:12:13 +0300
Processing by InputController#answer as JSON
  Parameters: {"n"=>"3"}
Completed 200 OK in 2ms (Views: 0.1ms)


Started GET "/input/answer.json?n=3" for 127.0.0.1 at 2017-12-05 23:13:04 +0300
Processing by InputController#answer as JSON
  Parameters: {"n"=>"3"}
Completed 200 OK in 2ms (Views: 0.1ms)


Started GET "/input/answer.json?n=4" for 127.0.0.1 at 2017-12-05 23:13:07 +0300
Processing by InputController#answer as JSON
  Parameters: {"n"=>"4"}
Completed 200 OK in 17ms (Views: 0.1ms)


Started GET "/input/answer" for 127.0.0.1 at 2017-12-05 23:14:26 +0300
Processing by InputController#answer as HTML
  Rendering input/answer.html.erb within layouts/application
  Rendered input/answer.html.erb within layouts/application (0.5ms)
Completed 200 OK in 86ms (Views: 62.2ms)


Started GET "/input/answer.json?n=3" for 127.0.0.1 at 2017-12-05 23:14:30 +0300
Processing by InputController#answer as JSON
  Parameters: {"n"=>"3"}
Completed 200 OK in 2ms (Views: 0.2ms)


Started GET "/input/answer.json?n=4" for 127.0.0.1 at 2017-12-05 23:14:33 +0300
Processing by InputController#answer as JSON
  Parameters: {"n"=>"4"}
Completed 200 OK in 15ms (Views: 0.2ms)


Started GET "/input/answer" for 127.0.0.1 at 2017-12-05 23:20:56 +0300
Processing by InputController#answer as HTML
  Rendering input/answer.html.erb within layouts/application
  Rendered input/answer.html.erb within layouts/application (1.0ms)
Completed 200 OK in 82ms (Views: 61.5ms)


Started GET "/input/answer.json?n=3" for 127.0.0.1 at 2017-12-05 23:21:02 +0300
Processing by InputController#answer as JSON
  Parameters: {"n"=>"3"}
Completed 200 OK in 4ms (Views: 0.2ms)


Started GET "/input/answer.json?n=4" for 127.0.0.1 at 2017-12-05 23:21:06 +0300
Processing by InputController#answer as JSON
  Parameters: {"n"=>"4"}
Completed 200 OK in 14ms (Views: 0.2ms)


Started GET "/input/answer.json?n=6" for 127.0.0.1 at 2017-12-05 23:21:09 +0300
Processing by InputController#answer as JSON
  Parameters: {"n"=>"6"}
Completed 200 OK in 1818ms (Views: 0.2ms)


Started GET "/input/answer.json?n=6" for 127.0.0.1 at 2017-12-05 23:21:11 +0300
Processing by InputController#answer as JSON
  Parameters: {"n"=>"6"}
Completed 200 OK in 1874ms (Views: 0.1ms)


Started GET "/input/answer.json?n=6" for 127.0.0.1 at 2017-12-05 23:21:13 +0300
Processing by InputController#answer as JSON
  Parameters: {"n"=>"6"}
Started GET "/input/answer.json?n=7" for 127.0.0.1 at 2017-12-05 23:21:14 +0300
Processing by InputController#answer as JSON
  Parameters: {"n"=>"7"}
Completed 200 OK in 2629ms (Views: 0.2ms)


Started GET "/input/answer.json?n=6" for 127.0.0.1 at 2017-12-05 23:21:16 +0300
Processing by InputController#answer as JSON
  Parameters: {"n"=>"6"}
Completed 200 OK in 3607ms (Views: 0.2ms)


Completed 200 OK in 23528ms (Views: 0.2ms)


Started GET "/input/answer" for 127.0.0.1 at 2017-12-05 23:23:58 +0300
Processing by InputController#answer as HTML
  Rendering input/answer.html.erb within layouts/application
  Rendered input/answer.html.erb within layouts/application (1.0ms)
Completed 200 OK in 83ms (Views: 61.7ms)


Started GET "/input/answer.json?n=3" for 127.0.0.1 at 2017-12-05 23:24:02 +0300
Processing by InputController#answer as JSON
  Parameters: {"n"=>"3"}
Completed 200 OK in 2ms (Views: 0.2ms)


Started GET "/input/answer.json?n=4" for 127.0.0.1 at 2017-12-05 23:24:05 +0300
Processing by InputController#answer as JSON
  Parameters: {"n"=>"4"}
Completed 200 OK in 14ms (Views: 0.2ms)


Started GET "/input/answer.json?n=4" for 127.0.0.1 at 2017-12-05 23:28:25 +0300
Processing by InputController#answer as JSON
  Parameters: {"n"=>"4"}
Completed 200 OK in 17ms (Views: 0.2ms)


Started GET "/input/answer.json?n=4" for 127.0.0.1 at 2017-12-26 06:41:36 +0300
Processing by InputController#answer as JSON
  Parameters: {"n"=>"4"}
Completed 200 OK in 410ms (Views: 0.3ms)


Started GET "/input/answer.json?n=4" for 127.0.0.1 at 2017-12-26 06:42:13 +0300
Processing by InputController#answer as JSON
  Parameters: {"n"=>"4"}
Completed 200 OK in 22ms (Views: 0.2ms)


Started GET "/input/answer.json?n=4" for 127.0.0.1 at 2017-12-26 06:42:44 +0300
Processing by InputController#answer as JSON
  Parameters: {"n"=>"4"}
Completed 200 OK in 16ms (Views: 0.2ms)


Started GET "/input/answer.json?n=4" for 127.0.0.1 at 2017-12-26 06:43:12 +0300
Processing by InputController#answer as JSON
  Parameters: {"n"=>"4"}
Completed 200 OK in 16ms (Views: 0.2ms)


Started GET "/input/answer.json?n=3" for 127.0.0.1 at 2017-12-26 06:43:17 +0300
Processing by InputController#answer as JSON
  Parameters: {"n"=>"3"}
Completed 200 OK in 2ms (Views: 0.1ms)


Started GET "/input/answer.json?n=3" for 127.0.0.1 at 2017-12-26 06:43:55 +0300
Processing by InputController#answer as JSON
  Parameters: {"n"=>"3"}
Completed 200 OK in 2ms (Views: 0.2ms)


Started GET "/input/answer.json?n=4" for 127.0.0.1 at 2017-12-26 06:43:58 +0300
Processing by InputController#answer as JSON
  Parameters: {"n"=>"4"}
Completed 200 OK in 15ms (Views: 0.1ms)


Started GET "/input/answer.json?n=4" for 127.0.0.1 at 2017-12-26 06:44:43 +0300
Processing by InputController#answer as JSON
  Parameters: {"n"=>"4"}
Completed 200 OK in 15ms (Views: 0.2ms)


Started GET "/input/answer.json?n=3" for 127.0.0.1 at 2017-12-26 06:45:09 +0300
Processing by InputController#answer as JSON
  Parameters: {"n"=>"3"}
Completed 200 OK in 2ms (Views: 0.1ms)


Started GET "/input/answer.json?n=4" for 127.0.0.1 at 2017-12-26 06:54:52 +0300
Processing by InputController#answer as JSON
  Parameters: {"n"=>"4"}
Completed 200 OK in 16ms (Views: 0.2ms)


Started GET "/input/answer.json?n=3" for 127.0.0.1 at 2017-12-26 06:54:55 +0300
Processing by InputController#answer as JSON
  Parameters: {"n"=>"3"}
Completed 200 OK in 0ms (Views: 0.1ms)


Started GET "/input/answer.json?n=3" for 127.0.0.1 at 2017-12-26 06:59:32 +0300
Processing by InputController#answer as JSON
  Parameters: {"n"=>"3"}
Completed 200 OK in 1300ms (Views: 0.3ms)


Started GET "/input/answer.json?n=4" for 127.0.0.1 at 2017-12-26 06:59:41 +0300
Processing by InputController#answer as JSON
  Parameters: {"n"=>"4"}
Completed 200 OK in 20ms (Views: 0.2ms)


Started GET "/input/answer.json?n=5" for 127.0.0.1 at 2017-12-26 06:59:43 +0300
Processing by InputController#answer as JSON
  Parameters: {"n"=>"5"}
Completed 200 OK in 160ms (Views: 0.2ms)


Started GET "/input/answer.json?n=3" for 127.0.0.1 at 2017-12-26 06:59:51 +0300
Processing by InputController#answer as JSON
  Parameters: {"n"=>"3"}
Completed 200 OK in 2ms (Views: 0.3ms)


Started GET "/input/answer.json?n=4" for 127.0.0.1 at 2017-12-26 06:59:53 +0300
Processing by InputController#answer as JSON
  Parameters: {"n"=>"4"}
Completed 200 OK in 16ms (Views: 0.2ms)


Started GET "/input/answer.json?n=5" for 127.0.0.1 at 2017-12-26 06:59:55 +0300
Processing by InputController#answer as JSON
  Parameters: {"n"=>"5"}
Completed 200 OK in 179ms (Views: 0.2ms)


Started GET "/input/answer.json?n=5" for 127.0.0.1 at 2017-12-26 07:00:11 +0300
Processing by InputController#answer as JSON
  Parameters: {"n"=>"5"}
Completed 200 OK in 177ms (Views: 0.2ms)


Started GET "/input/answer.json?n=3" for 127.0.0.1 at 2017-12-26 07:00:15 +0300
Processing by InputController#answer as JSON
  Parameters: {"n"=>"3"}
Completed 200 OK in 2ms (Views: 0.1ms)


Started GET "/input/answer.json?n=4" for 127.0.0.1 at 2017-12-26 07:00:22 +0300
Processing by InputController#answer as JSON
  Parameters: {"n"=>"4"}
Completed 200 OK in 16ms (Views: 0.2ms)


Started GET "/input/answer.json?n=3" for 127.0.0.1 at 2017-12-26 07:00:36 +0300
Processing by InputController#answer as JSON
  Parameters: {"n"=>"3"}
Completed 200 OK in 2ms (Views: 0.2ms)


Started GET "/input/answer.json?n=4" for 127.0.0.1 at 2017-12-26 07:00:37 +0300
Processing by InputController#answer as JSON
  Parameters: {"n"=>"4"}
Completed 200 OK in 18ms (Views: 0.3ms)


Started GET "/input/answer.json?n=5" for 127.0.0.1 at 2017-12-26 07:00:39 +0300
Processing by InputController#answer as JSON
  Parameters: {"n"=>"5"}
Completed 200 OK in 179ms (Views: 0.2ms)


Started GET "/input/answer.json?n=5" for 127.0.0.1 at 2017-12-26 07:00:39 +0300
Processing by InputController#answer as JSON
  Parameters: {"n"=>"5"}
Completed 200 OK in 176ms (Views: 0.2ms)


Started GET "/input/answer.json?n=3" for 127.0.0.1 at 2017-12-26 07:00:40 +0300
Processing by InputController#answer as JSON
  Parameters: {"n"=>"3"}
Completed 200 OK in 2ms (Views: 0.2ms)


Started GET "/input/answer.json?n=4" for 127.0.0.1 at 2017-12-26 07:00:41 +0300
Processing by InputController#answer as JSON
  Parameters: {"n"=>"4"}
Completed 200 OK in 16ms (Views: 0.2ms)


